<?xml version="1.0" encoding="UTF-8"?>
<testsuites name="E2E tests" tests="4" failures="2" time="123.775">
  <testsuite name="Test Login Scenario" errors="0" failures="0" skipped="0" timestamp="2019-06-13T11:36:50" time="22.051" tests="1">
    <testcase classname="Test Login Scenario Should navigate to the login page and login a user" name="Test Login Scenario Should navigate to the login page and login a user" time="19.674">
    </testcase>
  </testsuite>
  <testsuite name="Login page mocking" errors="0" failures="0" skipped="0" timestamp="2019-06-13T11:37:13" time="12.786" tests="1">
    <testcase classname="Login page mocking login to mocked user" name="Login page mocking login to mocked user" time="11.216">
    </testcase>
  </testsuite>
  <testsuite name="Test Registration Scenario in Mobile" errors="0" failures="1" skipped="0" timestamp="2019-06-13T11:37:25" time="48.674" tests="1">
    <testcase classname="Test Registration Scenario in Mobile Should navigate to the join now page and register a user" name="Test Registration Scenario in Mobile Should navigate to the join now page and register a user" time="42.884">
      <failure>TimeoutError: waiting for selector &quot;tton[class*=&apos;AutoComplete&apos;]&quot; failed: timeout 30000ms exceeded
    at new WaitTask (C:\ccviews\PuppeteerTestFramework\node_modules\puppeteer\lib\DOMWorld.js:561:28)
    at DOMWorld._waitForSelectorOrXPath (C:\ccviews\PuppeteerTestFramework\node_modules\puppeteer\lib\DOMWorld.js:490:22)
    at DOMWorld.waitForSelector (C:\ccviews\PuppeteerTestFramework\node_modules\puppeteer\lib\DOMWorld.js:444:17)
    at Frame.waitForSelector (C:\ccviews\PuppeteerTestFramework\node_modules\puppeteer\lib\FrameManager.js:628:47)
    at Frame.&lt;anonymous&gt; (C:\ccviews\PuppeteerTestFramework\node_modules\puppeteer\lib\helper.js:111:23)
    at Page.waitForSelector (C:\ccviews\PuppeteerTestFramework\node_modules\puppeteer\lib\Page.js:1046:29)
    at AccountRegistrationPage.waitForSelector [as enterDetails] (C:\ccviews\PuppeteerTestFramework\src\pages\AccountRegistrationPage.js:67:21)
    at processTicksAndRejections (internal/process/task_queues.js:89:5)
    at Object.&lt;anonymous&gt; (C:\ccviews\PuppeteerTestFramework\src\test\MobileRegistration.test.js:29:7)</failure>
    </testcase>
  </testsuite>
  <testsuite name="Test Registration Scenario" errors="0" failures="1" skipped="0" timestamp="2019-06-13T11:38:14" time="39.796" tests="1">
    <testcase classname="Test Registration Scenario Should navigate to the join now page and register a user" name="Test Registration Scenario Should navigate to the join now page and register a user" time="38.216">
      <failure>TimeoutError: waiting for selector &quot;tton[class*=&apos;AutoComplete&apos;]&quot; failed: timeout 30000ms exceeded
    at new WaitTask (C:\ccviews\PuppeteerTestFramework\node_modules\puppeteer\lib\DOMWorld.js:561:28)
    at DOMWorld._waitForSelectorOrXPath (C:\ccviews\PuppeteerTestFramework\node_modules\puppeteer\lib\DOMWorld.js:490:22)
    at DOMWorld.waitForSelector (C:\ccviews\PuppeteerTestFramework\node_modules\puppeteer\lib\DOMWorld.js:444:17)
    at Frame.waitForSelector (C:\ccviews\PuppeteerTestFramework\node_modules\puppeteer\lib\FrameManager.js:628:47)
    at Frame.&lt;anonymous&gt; (C:\ccviews\PuppeteerTestFramework\node_modules\puppeteer\lib\helper.js:111:23)
    at Page.waitForSelector (C:\ccviews\PuppeteerTestFramework\node_modules\puppeteer\lib\Page.js:1046:29)
    at AccountRegistrationPage.waitForSelector [as enterDetails] (C:\ccviews\PuppeteerTestFramework\src\pages\AccountRegistrationPage.js:67:21)
    at processTicksAndRejections (internal/process/task_queues.js:89:5)
    at Object.&lt;anonymous&gt; (C:\ccviews\PuppeteerTestFramework\src\test\Registration.test.js:34:7)</failure>
    </testcase>
  </testsuite>
</testsuites>